This is pdfTeX, Version 3.1415926-2.5-1.40.14 (TeX Live 2013) (format=pdflatex 2013.5.30)  18 SEP 2014 21:18
entering extended mode
 restricted \write18 enabled.
 file:line:error style messages enabled.
 %&-line parsing enabled.
**LowT_Data_Analysis.tex
(./LowT_Data_Analysis.tex
LaTeX2e <2011/06/27>
Babel <3.9f> and hyphenation patterns for 78 languages loaded.
(/usr/local/texlive/2013/texmf-dist/tex/latex/base/article.cls
Document Class: article 2007/10/19 v1.4h Standard LaTeX document class
(/usr/local/texlive/2013/texmf-dist/tex/latex/base/size10.clo
File: size10.clo 2007/10/19 v1.4h Standard LaTeX file (size option)
)
\c@part=\count79
\c@section=\count80
\c@subsection=\count81
\c@subsubsection=\count82
\c@paragraph=\count83
\c@subparagraph=\count84
\c@figure=\count85
\c@table=\count86
\abovecaptionskip=\skip41
\belowcaptionskip=\skip42
\bibindent=\dimen102
)
(/usr/local/texlive/2013/texmf-dist/tex/latex/graphics/graphicx.sty
Package: graphicx 1999/02/16 v1.0f Enhanced LaTeX Graphics (DPC,SPQR)

(/usr/local/texlive/2013/texmf-dist/tex/latex/graphics/keyval.sty
Package: keyval 1999/03/16 v1.13 key=value parser (DPC)
\KV@toks@=\toks14
)
(/usr/local/texlive/2013/texmf-dist/tex/latex/graphics/graphics.sty
Package: graphics 2009/02/05 v1.0o Standard LaTeX Graphics (DPC,SPQR)

(/usr/local/texlive/2013/texmf-dist/tex/latex/graphics/trig.sty
Package: trig 1999/03/16 v1.09 sin cos tan (DPC)
)
(/usr/local/texlive/2013/texmf-dist/tex/latex/latexconfig/graphics.cfg
File: graphics.cfg 2010/04/23 v1.9 graphics configuration of TeX Live
)
Package graphics Info: Driver file: pdftex.def on input line 91.

(/usr/local/texlive/2013/texmf-dist/tex/latex/pdftex-def/pdftex.def
File: pdftex.def 2011/05/27 v0.06d Graphics/color for pdfTeX

(/usr/local/texlive/2013/texmf-dist/tex/generic/oberdiek/infwarerr.sty
Package: infwarerr 2010/04/08 v1.3 Providing info/warning/error messages (HO)
)
(/usr/local/texlive/2013/texmf-dist/tex/generic/oberdiek/ltxcmds.sty
Package: ltxcmds 2011/11/09 v1.22 LaTeX kernel commands for general use (HO)
)
\Gread@gobject=\count87
))
\Gin@req@height=\dimen103
\Gin@req@width=\dimen104
)
(/usr/local/texlive/2013/texmf-dist/tex/latex/adjustbox/adjustbox.sty
Package: adjustbox 2012/05/21 v1.0 Adjusting TeX boxes (trim, clip, ...)

(/usr/local/texlive/2013/texmf-dist/tex/latex/xkeyval/xkeyval.sty
Package: xkeyval 2012/10/14 v2.6b package option processing (HA)

(/usr/local/texlive/2013/texmf-dist/tex/generic/xkeyval/xkeyval.tex
\XKV@toks=\toks15
\XKV@tempa@toks=\toks16
\XKV@depth=\count88
File: xkeyval.tex 2012/10/14 v2.6b key=value parser (HA)
))
(/usr/local/texlive/2013/texmf-dist/tex/latex/adjustbox/adjcalc.sty
Package: adjcalc 2012/05/16 v1.1 Provides advanced setlength with multiple back
-ends (calc, etex, pgfmath)
)
(/usr/local/texlive/2013/texmf-dist/tex/latex/adjustbox/trimclip.sty
Package: trimclip 2012/05/16 v1.0 Trim and clip general TeX material

(/usr/local/texlive/2013/texmf-dist/tex/latex/collectbox/collectbox.sty
Package: collectbox 2012/05/17 v0.4b Collect macro arguments as boxes
\collectedbox=\box26
)
\tc@llx=\dimen105
\tc@lly=\dimen106
\tc@urx=\dimen107
\tc@ury=\dimen108
Package trimclip Info: Using driver 'tc-pdftex.def'.

(/usr/local/texlive/2013/texmf-dist/tex/latex/adjustbox/tc-pdftex.def
File: tc-pdftex.def 2012/05/13 v1.0 Clipping driver for pdftex
))
\adjbox@Width=\dimen109
\adjbox@Height=\dimen110
\adjbox@Depth=\dimen111
\adjbox@Totalheight=\dimen112

(/usr/local/texlive/2013/texmf-dist/tex/latex/ifoddpage/ifoddpage.sty
Package: ifoddpage 2011/09/13 v1.0 Conditionals for odd/even page detection
\c@checkoddpage=\count89
)
(/usr/local/texlive/2013/texmf-dist/tex/latex/varwidth/varwidth.sty
Package: varwidth 2009/03/30 ver 0.92;  Variable-width minipages
\@vwid@box=\box27
\sift@deathcycles=\count90
\@vwid@loff=\dimen113
\@vwid@roff=\dimen114
))
(/usr/local/texlive/2013/texmf-dist/tex/latex/graphics/color.sty
Package: color 2005/11/14 v1.0j Standard LaTeX Color (DPC)

(/usr/local/texlive/2013/texmf-dist/tex/latex/latexconfig/color.cfg
File: color.cfg 2007/01/18 v1.5 color configuration of teTeX/TeXLive
)
Package color Info: Driver file: pdftex.def on input line 130.
)
(/usr/local/texlive/2013/texmf-dist/tex/latex/tools/enumerate.sty
Package: enumerate 1999/03/05 v3.00 enumerate extensions (DPC)
\@enLab=\toks17
)
(/usr/local/texlive/2013/texmf-dist/tex/latex/geometry/geometry.sty
Package: geometry 2010/09/12 v5.6 Page Geometry

(/usr/local/texlive/2013/texmf-dist/tex/generic/oberdiek/ifpdf.sty
Package: ifpdf 2011/01/30 v2.3 Provides the ifpdf switch (HO)
Package ifpdf Info: pdfTeX in PDF mode is detected.
)
(/usr/local/texlive/2013/texmf-dist/tex/generic/oberdiek/ifvtex.sty
Package: ifvtex 2010/03/01 v1.5 Detect VTeX and its facilities (HO)
Package ifvtex Info: VTeX not detected.
)
(/usr/local/texlive/2013/texmf-dist/tex/generic/ifxetex/ifxetex.sty
Package: ifxetex 2010/09/12 v0.6 Provides ifxetex conditional
)
\Gm@cnth=\count91
\Gm@cntv=\count92
\c@Gm@tempcnt=\count93
\Gm@bindingoffset=\dimen115
\Gm@wd@mp=\dimen116
\Gm@odd@mp=\dimen117
\Gm@even@mp=\dimen118
\Gm@layoutwidth=\dimen119
\Gm@layoutheight=\dimen120
\Gm@layouthoffset=\dimen121
\Gm@layoutvoffset=\dimen122
\Gm@dimlist=\toks18
)
(/usr/local/texlive/2013/texmf-dist/tex/latex/amsmath/amsmath.sty
Package: amsmath 2013/01/14 v2.14 AMS math features
\@mathmargin=\skip43

For additional information on amsmath, use the `?' option.
(/usr/local/texlive/2013/texmf-dist/tex/latex/amsmath/amstext.sty
Package: amstext 2000/06/29 v2.01

(/usr/local/texlive/2013/texmf-dist/tex/latex/amsmath/amsgen.sty
File: amsgen.sty 1999/11/30 v2.0
\@emptytoks=\toks19
\ex@=\dimen123
))
(/usr/local/texlive/2013/texmf-dist/tex/latex/amsmath/amsbsy.sty
Package: amsbsy 1999/11/29 v1.2d
\pmbraise@=\dimen124
)
(/usr/local/texlive/2013/texmf-dist/tex/latex/amsmath/amsopn.sty
Package: amsopn 1999/12/14 v2.01 operator names
)
\inf@bad=\count94
LaTeX Info: Redefining \frac on input line 210.
\uproot@=\count95
\leftroot@=\count96
LaTeX Info: Redefining \overline on input line 306.
\classnum@=\count97
\DOTSCASE@=\count98
LaTeX Info: Redefining \ldots on input line 378.
LaTeX Info: Redefining \dots on input line 381.
LaTeX Info: Redefining \cdots on input line 466.
\Mathstrutbox@=\box28
\strutbox@=\box29
\big@size=\dimen125
LaTeX Font Info:    Redeclaring font encoding OML on input line 566.
LaTeX Font Info:    Redeclaring font encoding OMS on input line 567.
\macc@depth=\count99
\c@MaxMatrixCols=\count100
\dotsspace@=\muskip10
\c@parentequation=\count101
\dspbrk@lvl=\count102
\tag@help=\toks20
\row@=\count103
\column@=\count104
\maxfields@=\count105
\andhelp@=\toks21
\eqnshift@=\dimen126
\alignsep@=\dimen127
\tagshift@=\dimen128
\tagwidth@=\dimen129
\totwidth@=\dimen130
\lineht@=\dimen131
\@envbody=\toks22
\multlinegap=\skip44
\multlinetaggap=\skip45
\mathdisplay@stack=\toks23
LaTeX Info: Redefining \[ on input line 2665.
LaTeX Info: Redefining \] on input line 2666.
)
(/usr/local/texlive/2013/texmf-dist/tex/latex/amsfonts/amssymb.sty
Package: amssymb 2013/01/14 v3.01 AMS font symbols

(/usr/local/texlive/2013/texmf-dist/tex/latex/amsfonts/amsfonts.sty
Package: amsfonts 2013/01/14 v3.01 Basic AMSFonts support
\symAMSa=\mathgroup4
\symAMSb=\mathgroup5
LaTeX Font Info:    Overwriting math alphabet `\mathfrak' in version `bold'
(Font)                  U/euf/m/n --> U/euf/b/n on input line 106.
))
(/usr/local/texlive/2013/texmf-dist/tex/latex/ucs/ucs.sty
Package: ucs 2013/05/11 v2.2 UCS: Unicode input support

(/usr/local/texlive/2013/texmf-dist/tex/latex/ucs/data/uni-global.def
File: uni-global.def 2013/05/13 UCS: Unicode global data
)
\uc@secondtry=\count106
\uc@combtoks=\toks24
\uc@combtoksb=\toks25
\uc@temptokena=\toks26
)
(/usr/local/texlive/2013/texmf-dist/tex/latex/base/inputenc.sty
Package: inputenc 2008/03/30 v1.1d Input encoding file
\inpenc@prehook=\toks27
\inpenc@posthook=\toks28

(/usr/local/texlive/2013/texmf-dist/tex/latex/ucs/utf8x.def
File: utf8x.def 2004/10/17 UCS: Input encoding UTF-8
))
(/usr/local/texlive/2013/texmf-dist/tex/latex/fancyvrb/fancyvrb.sty
Package: fancyvrb 2008/02/07

Style option: `fancyvrb' v2.7a, with DG/SPQR fixes, and firstline=lastline fix 
<2008/02/07> (tvz)
\FV@CodeLineNo=\count107
\FV@InFile=\read1
\FV@TabBox=\box30
\c@FancyVerbLine=\count108
\FV@StepNumber=\count109
\FV@OutFile=\write3
)
(/usr/local/texlive/2013/texmf-dist/tex/latex/oberdiek/grffile.sty
Package: grffile 2012/04/05 v1.16 Extended file name support for graphics (HO)

(/usr/local/texlive/2013/texmf-dist/tex/latex/oberdiek/kvoptions.sty
Package: kvoptions 2011/06/30 v3.11 Key value format for package options (HO)

(/usr/local/texlive/2013/texmf-dist/tex/generic/oberdiek/kvsetkeys.sty
Package: kvsetkeys 2012/04/25 v1.16 Key value parser (HO)

(/usr/local/texlive/2013/texmf-dist/tex/generic/oberdiek/etexcmds.sty
Package: etexcmds 2011/02/16 v1.5 Avoid name clashes with e-TeX commands (HO)

(/usr/local/texlive/2013/texmf-dist/tex/generic/oberdiek/ifluatex.sty
Package: ifluatex 2010/03/01 v1.3 Provides the ifluatex switch (HO)
Package ifluatex Info: LuaTeX not detected.
)
Package etexcmds Info: Could not find \expanded.
(etexcmds)             That can mean that you are not using pdfTeX 1.50 or
(etexcmds)             that some package has redefined \expanded.
(etexcmds)             In the latter case, load this package earlier.
)))
(/usr/local/texlive/2013/texmf-dist/tex/generic/oberdiek/pdftexcmds.sty
Package: pdftexcmds 2011/11/29 v0.20 Utility functions of pdfTeX for LuaTeX (HO
)
Package pdftexcmds Info: LuaTeX not detected.
Package pdftexcmds Info: \pdf@primitive is available.
Package pdftexcmds Info: \pdf@ifprimitive is available.
Package pdftexcmds Info: \pdfdraftmode found.
)
Package grffile Info: Option `multidot' is set to `true'.
Package grffile Info: Option `extendedchars' is set to `false'.
Package grffile Info: Option `space' is set to `true'.
Package grffile Info: \Gin@ii of package `graphicx' fixed on input line 486.
)
(/usr/local/texlive/2013/texmf-dist/tex/latex/hyperref/hyperref.sty
Package: hyperref 2012/11/06 v6.83m Hypertext links for LaTeX

(/usr/local/texlive/2013/texmf-dist/tex/generic/oberdiek/hobsub-hyperref.sty
Package: hobsub-hyperref 2012/05/28 v1.13 Bundle oberdiek, subset hyperref (HO)


(/usr/local/texlive/2013/texmf-dist/tex/generic/oberdiek/hobsub-generic.sty
Package: hobsub-generic 2012/05/28 v1.13 Bundle oberdiek, subset generic (HO)
Package: hobsub 2012/05/28 v1.13 Construct package bundles (HO)
Package hobsub Info: Skipping package `infwarerr' (already loaded).
Package hobsub Info: Skipping package `ltxcmds' (already loaded).
Package hobsub Info: Skipping package `ifluatex' (already loaded).
Package hobsub Info: Skipping package `ifvtex' (already loaded).
Package: intcalc 2007/09/27 v1.1 Expandable calculations with integers (HO)
Package hobsub Info: Skipping package `ifpdf' (already loaded).
Package hobsub Info: Skipping package `etexcmds' (already loaded).
Package hobsub Info: Skipping package `kvsetkeys' (already loaded).
Package: kvdefinekeys 2011/04/07 v1.3 Define keys (HO)
Package hobsub Info: Skipping package `pdftexcmds' (already loaded).
Package: pdfescape 2011/11/25 v1.13 Implements pdfTeX's escape features (HO)
Package: bigintcalc 2012/04/08 v1.3 Expandable calculations on big integers (HO
)
Package: bitset 2011/01/30 v1.1 Handle bit-vector datatype (HO)
Package: uniquecounter 2011/01/30 v1.2 Provide unlimited unique counter (HO)
)
Package hobsub Info: Skipping package `hobsub' (already loaded).
Package: letltxmacro 2010/09/02 v1.4 Let assignment for LaTeX macros (HO)
Package: hopatch 2012/05/28 v1.2 Wrapper for package hooks (HO)
Package: xcolor-patch 2011/01/30 xcolor patch
Package: atveryend 2011/06/30 v1.8 Hooks at the very end of document (HO)
Package atveryend Info: \enddocument detected (standard20110627).
Package: atbegshi 2011/10/05 v1.16 At begin shipout hook (HO)
Package: refcount 2011/10/16 v3.4 Data extraction from label references (HO)
Package: hycolor 2011/01/30 v1.7 Color options for hyperref/bookmark (HO)
)
(/usr/local/texlive/2013/texmf-dist/tex/latex/oberdiek/auxhook.sty
Package: auxhook 2011/03/04 v1.3 Hooks for auxiliary files (HO)
)
\@linkdim=\dimen132
\Hy@linkcounter=\count110
\Hy@pagecounter=\count111

(/usr/local/texlive/2013/texmf-dist/tex/latex/hyperref/pd1enc.def
File: pd1enc.def 2012/11/06 v6.83m Hyperref: PDFDocEncoding definition (HO)
)
\Hy@SavedSpaceFactor=\count112

(/usr/local/texlive/2013/texmf-dist/tex/latex/latexconfig/hyperref.cfg
File: hyperref.cfg 2002/06/06 v1.2 hyperref configuration of TeXLive
)
Package hyperref Info: Hyper figures OFF on input line 4443.
Package hyperref Info: Link nesting OFF on input line 4448.
Package hyperref Info: Hyper index ON on input line 4451.
Package hyperref Info: Plain pages OFF on input line 4458.
Package hyperref Info: Backreferencing OFF on input line 4463.
Package hyperref Info: Implicit mode ON; LaTeX internals redefined.
Package hyperref Info: Bookmarks ON on input line 4688.
\c@Hy@tempcnt=\count113

(/usr/local/texlive/2013/texmf-dist/tex/latex/url/url.sty
\Urlmuskip=\muskip11
Package: url 2006/04/12  ver 3.3  Verb mode for urls, etc.
)
LaTeX Info: Redefining \url on input line 5041.
\XeTeXLinkMargin=\dimen133
\Fld@menulength=\count114
\Field@Width=\dimen134
\Fld@charsize=\dimen135
Package hyperref Info: Hyper figures OFF on input line 6295.
Package hyperref Info: Link nesting OFF on input line 6300.
Package hyperref Info: Hyper index ON on input line 6303.
Package hyperref Info: backreferencing OFF on input line 6310.
Package hyperref Info: Link coloring OFF on input line 6315.
Package hyperref Info: Link coloring with OCG OFF on input line 6320.
Package hyperref Info: PDF/A mode OFF on input line 6325.
LaTeX Info: Redefining \ref on input line 6365.
LaTeX Info: Redefining \pageref on input line 6369.
\Hy@abspage=\count115
\c@Item=\count116
\c@Hfootnote=\count117
)

Package hyperref Message: Driver (autodetected): hpdftex.

(/usr/local/texlive/2013/texmf-dist/tex/latex/hyperref/hpdftex.def
File: hpdftex.def 2012/11/06 v6.83m Hyperref driver for pdfTeX
\Fld@listcount=\count118
\c@bookmark@seq@number=\count119

(/usr/local/texlive/2013/texmf-dist/tex/latex/oberdiek/rerunfilecheck.sty
Package: rerunfilecheck 2011/04/15 v1.7 Rerun checks for auxiliary files (HO)
Package uniquecounter Info: New unique counter `rerunfilecheck' on input line 2
82.
)
\Hy@SectionHShift=\skip46
)
(/usr/local/texlive/2013/texmf-dist/tex/latex/tools/longtable.sty
Package: longtable 2004/02/01 v4.11 Multi-page Table package (DPC)
\LTleft=\skip47
\LTright=\skip48
\LTpre=\skip49
\LTpost=\skip50
\LTchunksize=\count120
\LTcapwidth=\dimen136
\LT@head=\box31
\LT@firsthead=\box32
\LT@foot=\box33
\LT@lastfoot=\box34
\LT@cols=\count121
\LT@rows=\count122
\c@LT@tables=\count123
\c@LT@chunks=\count124
\LT@p@ftn=\toks29
)
(/usr/local/texlive/2013/texmf-dist/tex/latex/booktabs/booktabs.sty
Package: booktabs 2005/04/14 v1.61803 publication quality tables
\heavyrulewidth=\dimen137
\lightrulewidth=\dimen138
\cmidrulewidth=\dimen139
\belowrulesep=\dimen140
\belowbottomsep=\dimen141
\aboverulesep=\dimen142
\abovetopsep=\dimen143
\cmidrulesep=\dimen144
\cmidrulekern=\dimen145
\defaultaddspace=\dimen146
\@cmidla=\count125
\@cmidlb=\count126
\@aboverulesep=\dimen147
\@belowrulesep=\dimen148
\@thisruleclass=\count127
\@lastruleclass=\count128
\@thisrulewidth=\dimen149
)
Package color Info: Redefining color red on input line 50.
Package color Info: Redefining color green on input line 51.
Package color Info: Redefining color blue on input line 53.
Package color Info: Redefining color cyan on input line 55.
Package color Info: Redefining color lightgray on input line 56.
Package hyperref Info: Option `breaklinks' set `true' on input line 211.
Package hyperref Info: Option `colorlinks' set `true' on input line 211.

(./LowT_Data_Analysis.aux)
\openout1 = `LowT_Data_Analysis.aux'.

LaTeX Font Info:    Checking defaults for OML/cmm/m/it on input line 218.
LaTeX Font Info:    ... okay on input line 218.
LaTeX Font Info:    Checking defaults for T1/cmr/m/n on input line 218.
LaTeX Font Info:    ... okay on input line 218.
LaTeX Font Info:    Checking defaults for OT1/cmr/m/n on input line 218.
LaTeX Font Info:    ... okay on input line 218.
LaTeX Font Info:    Checking defaults for OMS/cmsy/m/n on input line 218.
LaTeX Font Info:    ... okay on input line 218.
LaTeX Font Info:    Checking defaults for OMX/cmex/m/n on input line 218.
LaTeX Font Info:    ... okay on input line 218.
LaTeX Font Info:    Checking defaults for U/cmr/m/n on input line 218.
LaTeX Font Info:    ... okay on input line 218.
LaTeX Font Info:    Checking defaults for PD1/pdf/m/n on input line 218.
LaTeX Font Info:    ... okay on input line 218.

(/usr/local/texlive/2013/texmf-dist/tex/context/base/supp-pdf.mkii
[Loading MPS to PDF converter (version 2006.09.02).]
\scratchcounter=\count129
\scratchdimen=\dimen150
\scratchbox=\box35
\nofMPsegments=\count130
\nofMParguments=\count131
\everyMPshowfont=\toks30
\MPscratchCnt=\count132
\MPscratchDim=\dimen151
\MPnumerator=\count133
\makeMPintoPDFobject=\count134
\everyMPtoPDFconversion=\toks31
) (/usr/local/texlive/2013/texmf-dist/tex/latex/oberdiek/epstopdf-base.sty
Package: epstopdf-base 2010/02/09 v2.5 Base part for package epstopdf

(/usr/local/texlive/2013/texmf-dist/tex/latex/oberdiek/grfext.sty
Package: grfext 2010/08/19 v1.1 Manage graphics extensions (HO)
)
Package grfext Info: Graphics extension search list:
(grfext)             [.png,.pdf,.jpg,.mps,.jpeg,.jbig2,.jb2,.PNG,.PDF,.JPG,.JPE
G,.JBIG2,.JB2,.eps]
(grfext)             \AppendGraphicsExtensions on input line 452.

(/usr/local/texlive/2013/texmf-dist/tex/latex/latexconfig/epstopdf-sys.cfg
File: epstopdf-sys.cfg 2010/07/13 v1.3 Configuration of (r)epstopdf for TeX Liv
e
))
*geometry* driver: auto-detecting
*geometry* detected driver: pdftex

Package geometry Warning: The marginal notes overrun the paper.
     Add 3.73001pt and more to the right margin.

*geometry* verbose mode - [ preamble ] result:
* driver: pdftex
* paper: <default>
* layout: <same size as paper>
* layoutoffset:(h,v)=(0.0pt,0.0pt)
* modes: 
* h-part:(L,W,R)=(72.26999pt, 469.75502pt, 72.26999pt)
* v-part:(T,H,B)=(72.26999pt, 650.43001pt, 72.26999pt)
* \paperwidth=614.295pt
* \paperheight=794.96999pt
* \textwidth=469.75502pt
* \textheight=650.43001pt
* \oddsidemargin=0.0pt
* \evensidemargin=0.0pt
* \topmargin=-37.0pt
* \headheight=12.0pt
* \headsep=25.0pt
* \topskip=10.0pt
* \footskip=30.0pt
* \marginparwidth=65.0pt
* \marginparsep=11.0pt
* \columnsep=10.0pt
* \skip\footins=9.0pt plus 4.0pt minus 2.0pt
* \hoffset=0.0pt
* \voffset=0.0pt
* \mag=1000
* \@twocolumnfalse
* \@twosidefalse
* \@mparswitchfalse
* \@reversemarginfalse
* (1in=72.27pt=25.4mm, 1cm=28.453pt)

(/usr/local/texlive/2013/texmf-dist/tex/latex/ucs/ucsencs.def
File: ucsencs.def 2011/01/21 Fixes to fontencodings LGR, T3
)
\AtBeginShipoutBox=\box36
Package hyperref Info: Link coloring ON on input line 218.

(/usr/local/texlive/2013/texmf-dist/tex/latex/hyperref/nameref.sty
Package: nameref 2012/10/27 v2.43 Cross-referencing by name of section

(/usr/local/texlive/2013/texmf-dist/tex/generic/oberdiek/gettitlestring.sty
Package: gettitlestring 2010/12/03 v1.4 Cleanup title references (HO)
)
\c@section@level=\count135
)
LaTeX Info: Redefining \ref on input line 218.
LaTeX Info: Redefining \pageref on input line 218.
LaTeX Info: Redefining \nameref on input line 218.

(./LowT_Data_Analysis.out) (./LowT_Data_Analysis.out)
\@outlinefile=\write4
\openout4 = `LowT_Data_Analysis.out'.

LaTeX Font Info:    Try loading font information for U+msa on input line 222.

(/usr/local/texlive/2013/texmf-dist/tex/latex/amsfonts/umsa.fd
File: umsa.fd 2013/01/14 v3.01 AMS symbols A
)
LaTeX Font Info:    Try loading font information for U+msb on input line 222.

(/usr/local/texlive/2013/texmf-dist/tex/latex/amsfonts/umsb.fd
File: umsb.fd 2013/01/14 v3.01 AMS symbols B
)

LaTeX Warning: No \author given.

(./LowT_Data_Analysis.toc
LaTeX Font Info:    Try loading font information for OML+cmr on input line 16.

(/usr/local/texlive/2013/texmf-dist/tex/latex/base/omlcmr.fd
File: omlcmr.fd 1999/05/25 v2.5h Standard LaTeX font definitions
)
LaTeX Font Info:    Font shape `OML/cmr/m/n' in size <10> not available
(Font)              Font shape `OML/cmm/m/it' tried instead on input line 16.
 [1

{/usr/local/texlive/2013/texmf-var/fonts/map/pdftex/updmap/pdftex.map}])
\tf@toc=\write5
\openout5 = `LowT_Data_Analysis.toc'.


Underfull \hbox (badness 7256) in paragraph at lines 245--250
[]\OT1/cmr/m/n/10 This note-book is part of the pa-per's sup-port-ing on-line m
a-te-ri-als and is avail-able at
 []

LaTeX Font Info:    Try loading font information for OMS+cmr on input line 284.

(/usr/local/texlive/2013/texmf-dist/tex/latex/base/omscmr.fd
File: omscmr.fd 1999/05/25 v2.5h Standard LaTeX font definitions
)
LaTeX Font Info:    Font shape `OMS/cmr/m/n' in size <10> not available
(Font)              Font shape `OMS/cmsy/m/n' tried instead on input line 284.
 [2]
LaTeX Font Info:    Font shape `OT1/cmtt/bx/n' in size <10> not available
(Font)              Font shape `OT1/cmtt/m/n' tried instead on input line 321.
 [3]
LaTeX Font Info:    Try loading font information for OMS+cmtt on input line 404
.
LaTeX Font Info:    No file OMScmtt.fd. on input line 404.


LaTeX Font Warning: Font shape `OMS/cmtt/m/n' undefined
(Font)              using `OMS/cmsy/m/n' instead
(Font)              for symbol `textbackslash' on input line 404.

[4]
<LowT_Data_Analysis_files/LowT_Data_Analysis_19_0.pdf, id=240, 503.8825pt x 336
.25626pt>
File: LowT_Data_Analysis_files/LowT_Data_Analysis_19_0.pdf Graphic file (type p
df)
 <use LowT_Data_Analysis_files/LowT_Data_Analysis_19_0.pdf>
Package pdftex.def Info: LowT_Data_Analysis_files/LowT_Data_Analysis_19_0.pdf u
sed on input line 487.
(pdftex.def)             Requested size: 503.88127pt x 336.25543pt.

Underfull \hbox (badness 10000) in paragraph at lines 489--490

 []

[5 <./LowT_Data_Analysis_files/LowT_Data_Analysis_19_0.pdf>]
<LowT_Data_Analysis_files/LowT_Data_Analysis_22_0.pdf, id=295, 563.10374pt x 22
4.84pt>
File: LowT_Data_Analysis_files/LowT_Data_Analysis_22_0.pdf Graphic file (type p
df)
 <use LowT_Data_Analysis_files/LowT_Data_Analysis_22_0.pdf>
Package pdftex.def Info: LowT_Data_Analysis_files/LowT_Data_Analysis_22_0.pdf u
sed on input line 527.
(pdftex.def)             Requested size: 563.10237pt x 224.83945pt.

Underfull \hbox (badness 10000) in paragraph at lines 529--530

 []

[6 <./LowT_Data_Analysis_files/LowT_Data_Analysis_22_0.pdf>] [7]
<LowT_Data_Analysis_files/LowT_Data_Analysis_27_0.pdf, id=326, 570.13pt x 354.3
2375pt>
File: LowT_Data_Analysis_files/LowT_Data_Analysis_27_0.pdf Graphic file (type p
df)
 <use LowT_Data_Analysis_files/LowT_Data_Analysis_27_0.pdf>
Package pdftex.def Info: LowT_Data_Analysis_files/LowT_Data_Analysis_27_0.pdf u
sed on input line 641.
(pdftex.def)             Requested size: 570.12862pt x 354.32288pt.
 [8]
Underfull \hbox (badness 10000) in paragraph at lines 643--644

 []

(/usr/local/texlive/2013/texmf-dist/tex/latex/ucs/data/uni-0.def
File: uni-0.def 2013/05/13 UCS: Unicode data U+0000..U+00FF
) [9 <./LowT_Data_Analysis_files/LowT_Data_Analysis_27_0.pdf>] [10]
<LowT_Data_Analysis_files/LowT_Data_Analysis_36_0.pdf, id=1343, 449.68pt x 536.
0025pt>
File: LowT_Data_Analysis_files/LowT_Data_Analysis_36_0.pdf Graphic file (type p
df)
 <use LowT_Data_Analysis_files/LowT_Data_Analysis_36_0.pdf>
Package pdftex.def Info: LowT_Data_Analysis_files/LowT_Data_Analysis_36_0.pdf u
sed on input line 771.
(pdftex.def)             Requested size: 449.6789pt x 536.00119pt.
 [11]
Underfull \hbox (badness 10000) in paragraph at lines 773--774

 []

[12 <./LowT_Data_Analysis_files/LowT_Data_Analysis_36_0.pdf>]
<LowT_Data_Analysis_files/LowT_Data_Analysis_39_0.pdf, id=1415, 629.35126pt x 2
71.0125pt>
File: LowT_Data_Analysis_files/LowT_Data_Analysis_39_0.pdf Graphic file (type p
df)
 <use LowT_Data_Analysis_files/LowT_Data_Analysis_39_0.pdf>
Package pdftex.def Info: LowT_Data_Analysis_files/LowT_Data_Analysis_39_0.pdf u
sed on input line 809.
(pdftex.def)             Requested size: 629.34972pt x 271.01183pt.

Underfull \hbox (badness 10000) in paragraph at lines 811--812

 []

[13 <./LowT_Data_Analysis_files/LowT_Data_Analysis_39_0.pdf>]
<LowT_Data_Analysis_files/LowT_Data_Analysis_41_0.pdf, id=1447, 629.35126pt x 2
81.05pt>
File: LowT_Data_Analysis_files/LowT_Data_Analysis_41_0.pdf Graphic file (type p
df)
 <use LowT_Data_Analysis_files/LowT_Data_Analysis_41_0.pdf>
Package pdftex.def Info: LowT_Data_Analysis_files/LowT_Data_Analysis_41_0.pdf u
sed on input line 862.
(pdftex.def)             Requested size: 629.34972pt x 281.0493pt.

Underfull \hbox (badness 10000) in paragraph at lines 864--865

 []

[14 <./LowT_Data_Analysis_files/LowT_Data_Analysis_41_0.pdf>]
<LowT_Data_Analysis_files/LowT_Data_Analysis_48_0.png, id=1478, 289.08pt x 145.
2627pt>
File: LowT_Data_Analysis_files/LowT_Data_Analysis_48_0.png Graphic file (type p
ng)
 <use LowT_Data_Analysis_files/LowT_Data_Analysis_48_0.png>
Package pdftex.def Info: LowT_Data_Analysis_files/LowT_Data_Analysis_48_0.png u
sed on input line 952.
(pdftex.def)             Requested size: 289.07928pt x 145.26233pt.
 [15]
Underfull \hbox (badness 10000) in paragraph at lines 954--955

 []

[16 <./LowT_Data_Analysis_files/LowT_Data_Analysis_48_0.png>] [17] [18]
<LowT_Data_Analysis_files/LowT_Data_Analysis_59_0.pdf, id=1497, 340.27126pt x 2
24.84pt>
File: LowT_Data_Analysis_files/LowT_Data_Analysis_59_0.pdf Graphic file (type p
df)
 <use LowT_Data_Analysis_files/LowT_Data_Analysis_59_0.pdf>
Package pdftex.def Info: LowT_Data_Analysis_files/LowT_Data_Analysis_59_0.pdf u
sed on input line 1175.
(pdftex.def)             Requested size: 340.27042pt x 224.83945pt.
 [19]
Underfull \hbox (badness 10000) in paragraph at lines 1177--1178

 []


<LowT_Data_Analysis_files/LowT_Data_Analysis_59_1.pdf, id=1503, 339.2675pt x 22
4.84pt>
File: LowT_Data_Analysis_files/LowT_Data_Analysis_59_1.pdf Graphic file (type p
df)
 <use LowT_Data_Analysis_files/LowT_Data_Analysis_59_1.pdf>
Package pdftex.def Info: LowT_Data_Analysis_files/LowT_Data_Analysis_59_1.pdf u
sed on input line 1180.
(pdftex.def)             Requested size: 339.26666pt x 224.83945pt.

Underfull \hbox (badness 10000) in paragraph at lines 1182--1183

 []


<LowT_Data_Analysis_files/LowT_Data_Analysis_59_2.pdf, id=1504, 339.2675pt x 22
4.84pt>
File: LowT_Data_Analysis_files/LowT_Data_Analysis_59_2.pdf Graphic file (type p
df)
 <use LowT_Data_Analysis_files/LowT_Data_Analysis_59_2.pdf>
Package pdftex.def Info: LowT_Data_Analysis_files/LowT_Data_Analysis_59_2.pdf u
sed on input line 1185.
(pdftex.def)             Requested size: 339.26666pt x 224.83945pt.
 [20 <./LowT_Data_Analysis_files/LowT_Data_Analysis_59_0.pdf> <./LowT_Data_Anal
ysis_files/LowT_Data_Analysis_59_1.pdf

pdfTeX warning: /usr/texbin/pdflatex (file ./LowT_Data_Analysis_files/LowT_Data
_Analysis_59_1.pdf): PDF inclusion: multiple pdfs with page group included in a
 single page
>]
Underfull \hbox (badness 10000) in paragraph at lines 1187--1188

 []


<LowT_Data_Analysis_files/LowT_Data_Analysis_61_0.pdf, id=1585, 534.99875pt x 3
36.25626pt>
File: LowT_Data_Analysis_files/LowT_Data_Analysis_61_0.pdf Graphic file (type p
df)
 <use LowT_Data_Analysis_files/LowT_Data_Analysis_61_0.pdf>
Package pdftex.def Info: LowT_Data_Analysis_files/LowT_Data_Analysis_61_0.pdf u
sed on input line 1219.
(pdftex.def)             Requested size: 534.99744pt x 336.25543pt.
 [21 <./LowT_Data_Analysis_files/LowT_Data_Analysis_59_2.pdf>]
Underfull \hbox (badness 10000) in paragraph at lines 1221--1222

 []

[22 <./LowT_Data_Analysis_files/LowT_Data_Analysis_61_0.pdf>] [23]
<LowT_Data_Analysis_files/LowT_Data_Analysis_69_0.pdf, id=1675, 425.59pt x 426.
59375pt>
File: LowT_Data_Analysis_files/LowT_Data_Analysis_69_0.pdf Graphic file (type p
df)
 <use LowT_Data_Analysis_files/LowT_Data_Analysis_69_0.pdf>
Package pdftex.def Info: LowT_Data_Analysis_files/LowT_Data_Analysis_69_0.pdf u
sed on input line 1364.
(pdftex.def)             Requested size: 425.58894pt x 426.5927pt.
 [24]
Underfull \hbox (badness 10000) in paragraph at lines 1366--1367

 []

LaTeX Font Info:    Font shape `OML/cmr/bx/n' in size <10> not available
(Font)              Font shape `OML/cmm/b/it' tried instead on input line 1370.

[25 <./LowT_Data_Analysis_files/LowT_Data_Analysis_69_0.pdf>]
<LowT_Data_Analysis_files/LowT_Data_Analysis_72_0.pdf, id=2337, 395.4775pt x 28
7.0725pt>
File: LowT_Data_Analysis_files/LowT_Data_Analysis_72_0.pdf Graphic file (type p
df)
 <use LowT_Data_Analysis_files/LowT_Data_Analysis_72_0.pdf>
Package pdftex.def Info: LowT_Data_Analysis_files/LowT_Data_Analysis_72_0.pdf u
sed on input line 1423.
(pdftex.def)             Requested size: 395.47653pt x 287.0718pt.
 [26]
Underfull \hbox (badness 10000) in paragraph at lines 1425--1426

 []


<LowT_Data_Analysis_files/LowT_Data_Analysis_72_1.pdf, id=2342, 395.4775pt x 28
7.0725pt>
File: LowT_Data_Analysis_files/LowT_Data_Analysis_72_1.pdf Graphic file (type p
df)
 <use LowT_Data_Analysis_files/LowT_Data_Analysis_72_1.pdf>
Package pdftex.def Info: LowT_Data_Analysis_files/LowT_Data_Analysis_72_1.pdf u
sed on input line 1428.
(pdftex.def)             Requested size: 395.47653pt x 287.0718pt.

Underfull \hbox (badness 10000) in paragraph at lines 1430--1431

 []


<LowT_Data_Analysis_files/LowT_Data_Analysis_72_2.pdf, id=2343, 395.4775pt x 28
7.0725pt>
File: LowT_Data_Analysis_files/LowT_Data_Analysis_72_2.pdf Graphic file (type p
df)
 <use LowT_Data_Analysis_files/LowT_Data_Analysis_72_2.pdf>
Package pdftex.def Info: LowT_Data_Analysis_files/LowT_Data_Analysis_72_2.pdf u
sed on input line 1433.
(pdftex.def)             Requested size: 395.47653pt x 287.0718pt.
 [27 <./LowT_Data_Analysis_files/LowT_Data_Analysis_72_0.pdf> <./LowT_Data_Anal
ysis_files/LowT_Data_Analysis_72_1.pdf

pdfTeX warning: /usr/texbin/pdflatex (file ./LowT_Data_Analysis_files/LowT_Data
_Analysis_72_1.pdf): PDF inclusion: multiple pdfs with page group included in a
 single page
>]
Underfull \hbox (badness 10000) in paragraph at lines 1435--1436

 []

[28 <./LowT_Data_Analysis_files/LowT_Data_Analysis_72_2.pdf>] [29]
<LowT_Data_Analysis_files/LowT_Data_Analysis_80_0.pdf, id=2416, 524.96124pt x 2
24.84pt>
File: LowT_Data_Analysis_files/LowT_Data_Analysis_80_0.pdf Graphic file (type p
df)
 <use LowT_Data_Analysis_files/LowT_Data_Analysis_80_0.pdf>
Package pdftex.def Info: LowT_Data_Analysis_files/LowT_Data_Analysis_80_0.pdf u
sed on input line 1588.
(pdftex.def)             Requested size: 524.95996pt x 224.83945pt.
 [30]
Underfull \hbox (badness 10000) in paragraph at lines 1590--1591

 []

[31 <./LowT_Data_Analysis_files/LowT_Data_Analysis_80_0.pdf>] [32]
<LowT_Data_Analysis_files/LowT_Data_Analysis_85_0.pdf, id=2450, 580.1675pt x 35
4.32375pt>
File: LowT_Data_Analysis_files/LowT_Data_Analysis_85_0.pdf Graphic file (type p
df)
 <use LowT_Data_Analysis_files/LowT_Data_Analysis_85_0.pdf>
Package pdftex.def Info: LowT_Data_Analysis_files/LowT_Data_Analysis_85_0.pdf u
sed on input line 1704.
(pdftex.def)             Requested size: 580.16606pt x 354.32288pt.

Underfull \hbox (badness 10000) in paragraph at lines 1706--1707

 []

[33 <./LowT_Data_Analysis_files/LowT_Data_Analysis_85_0.pdf>] [34]
<LowT_Data_Analysis_files/LowT_Data_Analysis_89_0.pdf, id=4690, 726.715pt x 596
.2275pt>
File: LowT_Data_Analysis_files/LowT_Data_Analysis_89_0.pdf Graphic file (type p
df)
 <use LowT_Data_Analysis_files/LowT_Data_Analysis_89_0.pdf>
Package pdftex.def Info: LowT_Data_Analysis_files/LowT_Data_Analysis_89_0.pdf u
sed on input line 1797.
(pdftex.def)             Requested size: 726.71321pt x 596.22604pt.

Underfull \hbox (badness 10000) in paragraph at lines 1799--1800

 []

[35 <./LowT_Data_Analysis_files/LowT_Data_Analysis_89_0.pdf>]
<LowT_Data_Analysis_files/LowT_Data_Analysis_93_0.pdf, id=4781, 963.6pt x 402.5
0375pt>
File: LowT_Data_Analysis_files/LowT_Data_Analysis_93_0.pdf Graphic file (type p
df)
 <use LowT_Data_Analysis_files/LowT_Data_Analysis_93_0.pdf>
Package pdftex.def Info: LowT_Data_Analysis_files/LowT_Data_Analysis_93_0.pdf u
sed on input line 1873.
(pdftex.def)             Requested size: 963.59766pt x 402.50276pt.
 [36]
Underfull \hbox (badness 10000) in paragraph at lines 1875--1876

 []

[37 <./LowT_Data_Analysis_files/LowT_Data_Analysis_93_0.pdf>]
<LowT_Data_Analysis_files/LowT_Data_Analysis_96_0.pdf, id=4854, 656.4525pt x 49
4.84875pt>
File: LowT_Data_Analysis_files/LowT_Data_Analysis_96_0.pdf Graphic file (type p
df)
 <use LowT_Data_Analysis_files/LowT_Data_Analysis_96_0.pdf>
Package pdftex.def Info: LowT_Data_Analysis_files/LowT_Data_Analysis_96_0.pdf u
sed on input line 1925.
(pdftex.def)             Requested size: 656.4509pt x 494.84755pt.

Underfull \hbox (badness 10000) in paragraph at lines 1927--1928

 []

[38 <./LowT_Data_Analysis_files/LowT_Data_Analysis_96_0.pdf>]
<LowT_Data_Analysis_files/LowT_Data_Analysis_105_0.pdf, id=4888, 500.87125pt x 
224.84pt>
File: LowT_Data_Analysis_files/LowT_Data_Analysis_105_0.pdf Graphic file (type 
pdf)
 <use LowT_Data_Analysis_files/LowT_Data_Analysis_105_0.pdf>
Package pdftex.def Info: LowT_Data_Analysis_files/LowT_Data_Analysis_105_0.pdf 
used on input line 2007.
(pdftex.def)             Requested size: 500.87001pt x 224.83945pt.

Underfull \hbox (badness 10000) in paragraph at lines 2009--2010

 []

[39 <./LowT_Data_Analysis_files/LowT_Data_Analysis_105_0.pdf>] [40]
<LowT_Data_Analysis_files/LowT_Data_Analysis_111_0.pdf, id=4908, 494.84875pt x 
616.3025pt>
File: LowT_Data_Analysis_files/LowT_Data_Analysis_111_0.pdf Graphic file (type 
pdf)
 <use LowT_Data_Analysis_files/LowT_Data_Analysis_111_0.pdf>
Package pdftex.def Info: LowT_Data_Analysis_files/LowT_Data_Analysis_111_0.pdf 
used on input line 2132.
(pdftex.def)             Requested size: 494.84755pt x 616.301pt.

[41]
Underfull \hbox (badness 10000) in paragraph at lines 2134--2135

 []

[42 <./LowT_Data_Analysis_files/LowT_Data_Analysis_111_0.pdf>]
<LowT_Data_Analysis_files/LowT_Data_Analysis_112_0.pdf, id=4955, 494.84875pt x 
616.3025pt>
File: LowT_Data_Analysis_files/LowT_Data_Analysis_112_0.pdf Graphic file (type 
pdf)
 <use LowT_Data_Analysis_files/LowT_Data_Analysis_112_0.pdf>
Package pdftex.def Info: LowT_Data_Analysis_files/LowT_Data_Analysis_112_0.pdf 
used on input line 2164.
(pdftex.def)             Requested size: 494.84755pt x 616.301pt.

[43]
Underfull \hbox (badness 10000) in paragraph at lines 2166--2167

 []

[44 <./LowT_Data_Analysis_files/LowT_Data_Analysis_112_0.pdf>]
<LowT_Data_Analysis_files/LowT_Data_Analysis_113_0.pdf, id=5004, 612.2875pt x 6
16.3025pt>
File: LowT_Data_Analysis_files/LowT_Data_Analysis_113_0.pdf Graphic file (type 
pdf)
 <use LowT_Data_Analysis_files/LowT_Data_Analysis_113_0.pdf>
Package pdftex.def Info: LowT_Data_Analysis_files/LowT_Data_Analysis_113_0.pdf 
used on input line 2196.
(pdftex.def)             Requested size: 612.28601pt x 616.301pt.

Underfull \hbox (badness 10000) in paragraph at lines 2198--2199

 []

[45 <./LowT_Data_Analysis_files/LowT_Data_Analysis_113_0.pdf>]
<LowT_Data_Analysis_files/LowT_Data_Analysis_114_0.pdf, id=5047, 514.92375pt x 
389.455pt>
File: LowT_Data_Analysis_files/LowT_Data_Analysis_114_0.pdf Graphic file (type 
pdf)
 <use LowT_Data_Analysis_files/LowT_Data_Analysis_114_0.pdf>
Package pdftex.def Info: LowT_Data_Analysis_files/LowT_Data_Analysis_114_0.pdf 
used on input line 2220.
(pdftex.def)             Requested size: 514.92249pt x 389.45404pt.

Underfull \hbox (badness 10000) in paragraph at lines 2222--2223

 []

[46 <./LowT_Data_Analysis_files/LowT_Data_Analysis_114_0.pdf>] [47] [48]
<LowT_Data_Analysis_files/LowT_Data_Analysis_118_0.pdf, id=5080, 283.0575pt x 2
20.825pt>
File: LowT_Data_Analysis_files/LowT_Data_Analysis_118_0.pdf Graphic file (type 
pdf)
 <use LowT_Data_Analysis_files/LowT_Data_Analysis_118_0.pdf>
Package pdftex.def Info: LowT_Data_Analysis_files/LowT_Data_Analysis_118_0.pdf 
used on input line 2373.
(pdftex.def)             Requested size: 283.0568pt x 220.82445pt.

Underfull \hbox (badness 10000) in paragraph at lines 2375--2376

 []

[49 <./LowT_Data_Analysis_files/LowT_Data_Analysis_118_0.pdf>] [50]
<LowT_Data_Analysis_files/LowT_Data_Analysis_122_0.pdf, id=5132, 570.13pt x 354
.32375pt>
File: LowT_Data_Analysis_files/LowT_Data_Analysis_122_0.pdf Graphic file (type 
pdf)
 <use LowT_Data_Analysis_files/LowT_Data_Analysis_122_0.pdf>
Package pdftex.def Info: LowT_Data_Analysis_files/LowT_Data_Analysis_122_0.pdf 
used on input line 2476.
(pdftex.def)             Requested size: 570.12862pt x 354.32288pt.

Underfull \hbox (badness 10000) in paragraph at lines 2478--2479

 []


<LowT_Data_Analysis_files/LowT_Data_Analysis_122_1.pdf, id=5133, 570.13pt x 354
.32375pt>
File: LowT_Data_Analysis_files/LowT_Data_Analysis_122_1.pdf Graphic file (type 
pdf)
 <use LowT_Data_Analysis_files/LowT_Data_Analysis_122_1.pdf>
Package pdftex.def Info: LowT_Data_Analysis_files/LowT_Data_Analysis_122_1.pdf 
used on input line 2481.
(pdftex.def)             Requested size: 570.12862pt x 354.32288pt.
 [51 <./LowT_Data_Analysis_files/LowT_Data_Analysis_122_0.pdf>]
Underfull \hbox (badness 10000) in paragraph at lines 2483--2484

 []


<LowT_Data_Analysis_files/LowT_Data_Analysis_122_2.pdf, id=5919, 570.13pt x 354
.32375pt>
File: LowT_Data_Analysis_files/LowT_Data_Analysis_122_2.pdf Graphic file (type 
pdf)
 <use LowT_Data_Analysis_files/LowT_Data_Analysis_122_2.pdf>
Package pdftex.def Info: LowT_Data_Analysis_files/LowT_Data_Analysis_122_2.pdf 
used on input line 2486.
(pdftex.def)             Requested size: 570.12862pt x 354.32288pt.

Underfull \hbox (badness 10000) in paragraph at lines 2488--2489

 []

[52 <./LowT_Data_Analysis_files/LowT_Data_Analysis_122_1.pdf> <./LowT_Data_Anal
ysis_files/LowT_Data_Analysis_122_2.pdf

pdfTeX warning: /usr/texbin/pdflatex (file ./LowT_Data_Analysis_files/LowT_Data
_Analysis_122_2.pdf): PDF inclusion: multiple pdfs with page group included in 
a single page
>]
<LowT_Data_Analysis_files/LowT_Data_Analysis_124_0.pdf, id=7129, 859.21pt x 354
.32375pt>
File: LowT_Data_Analysis_files/LowT_Data_Analysis_124_0.pdf Graphic file (type 
pdf)
 <use LowT_Data_Analysis_files/LowT_Data_Analysis_124_0.pdf>
Package pdftex.def Info: LowT_Data_Analysis_files/LowT_Data_Analysis_124_0.pdf 
used on input line 2519.
(pdftex.def)             Requested size: 859.20792pt x 354.32288pt.

Underfull \hbox (badness 10000) in paragraph at lines 2521--2522

 []

[53 <./LowT_Data_Analysis_files/LowT_Data_Analysis_124_0.pdf>]
<LowT_Data_Analysis_files/LowT_Data_Analysis_132_0.pdf, id=7809, 673.51625pt x 
336.25626pt>
File: LowT_Data_Analysis_files/LowT_Data_Analysis_132_0.pdf Graphic file (type 
pdf)
 <use LowT_Data_Analysis_files/LowT_Data_Analysis_132_0.pdf>
Package pdftex.def Info: LowT_Data_Analysis_files/LowT_Data_Analysis_132_0.pdf 
used on input line 2613.
(pdftex.def)             Requested size: 673.5146pt x 336.25543pt.

[54]
Underfull \hbox (badness 10000) in paragraph at lines 2615--2616

 []

[55 <./LowT_Data_Analysis_files/LowT_Data_Analysis_132_0.pdf>]
<LowT_Data_Analysis_files/LowT_Data_Analysis_134_0.pdf, id=7858, 720.6925pt x 3
36.25626pt>
File: LowT_Data_Analysis_files/LowT_Data_Analysis_134_0.pdf Graphic file (type 
pdf)
 <use LowT_Data_Analysis_files/LowT_Data_Analysis_134_0.pdf>
Package pdftex.def Info: LowT_Data_Analysis_files/LowT_Data_Analysis_134_0.pdf 
used on input line 2663.
(pdftex.def)             Requested size: 720.69075pt x 336.25543pt.

Underfull \hbox (badness 10000) in paragraph at lines 2665--2666

 []

[56 <./LowT_Data_Analysis_files/LowT_Data_Analysis_134_0.pdf>]
<LowT_Data_Analysis_files/LowT_Data_Analysis_141_0.pdf, id=7877, 352.31625pt x 
327.2225pt>
File: LowT_Data_Analysis_files/LowT_Data_Analysis_141_0.pdf Graphic file (type 
pdf)
 <use LowT_Data_Analysis_files/LowT_Data_Analysis_141_0.pdf>
Package pdftex.def Info: LowT_Data_Analysis_files/LowT_Data_Analysis_141_0.pdf 
used on input line 2744.
(pdftex.def)             Requested size: 352.31538pt x 327.2217pt.

[57]
Underfull \hbox (badness 10000) in paragraph at lines 2746--2747

 []


<LowT_Data_Analysis_files/LowT_Data_Analysis_144_0.pdf, id=7883, 402.50375pt x 
287.0725pt>
File: LowT_Data_Analysis_files/LowT_Data_Analysis_144_0.pdf Graphic file (type 
pdf)
 <use LowT_Data_Analysis_files/LowT_Data_Analysis_144_0.pdf>
Package pdftex.def Info: LowT_Data_Analysis_files/LowT_Data_Analysis_144_0.pdf 
used on input line 2774.
(pdftex.def)             Requested size: 402.50276pt x 287.0718pt.

[58 <./LowT_Data_Analysis_files/LowT_Data_Analysis_141_0.pdf>]
Underfull \hbox (badness 10000) in paragraph at lines 2776--2777

 []


<LowT_Data_Analysis_files/LowT_Data_Analysis_144_1.pdf, id=7897, 346.29375pt x 
364.36125pt>
File: LowT_Data_Analysis_files/LowT_Data_Analysis_144_1.pdf Graphic file (type 
pdf)
 <use LowT_Data_Analysis_files/LowT_Data_Analysis_144_1.pdf>
Package pdftex.def Info: LowT_Data_Analysis_files/LowT_Data_Analysis_144_1.pdf 
used on input line 2779.
(pdftex.def)             Requested size: 346.2929pt x 364.36035pt.

[59 <./LowT_Data_Analysis_files/LowT_Data_Analysis_144_0.pdf>]
Underfull \hbox (badness 10000) in paragraph at lines 2781--2782

 []

[60 <./LowT_Data_Analysis_files/LowT_Data_Analysis_144_1.pdf>]
<LowT_Data_Analysis_files/LowT_Data_Analysis_149_0.pdf, id=8068, 395.4775pt x 2
87.0725pt>
File: LowT_Data_Analysis_files/LowT_Data_Analysis_149_0.pdf Graphic file (type 
pdf)
 <use LowT_Data_Analysis_files/LowT_Data_Analysis_149_0.pdf>
Package pdftex.def Info: LowT_Data_Analysis_files/LowT_Data_Analysis_149_0.pdf 
used on input line 2825.
(pdftex.def)             Requested size: 395.47653pt x 287.0718pt.

Underfull \hbox (badness 10000) in paragraph at lines 2827--2828

 []


<LowT_Data_Analysis_files/LowT_Data_Analysis_149_1.pdf, id=8069, 346.29375pt x 
364.36125pt>
File: LowT_Data_Analysis_files/LowT_Data_Analysis_149_1.pdf Graphic file (type 
pdf)
 <use LowT_Data_Analysis_files/LowT_Data_Analysis_149_1.pdf>
Package pdftex.def Info: LowT_Data_Analysis_files/LowT_Data_Analysis_149_1.pdf 
used on input line 2830.
(pdftex.def)             Requested size: 346.2929pt x 364.36035pt.

[61 <./LowT_Data_Analysis_files/LowT_Data_Analysis_149_0.pdf>]
Underfull \hbox (badness 10000) in paragraph at lines 2832--2833

 []

[62 <./LowT_Data_Analysis_files/LowT_Data_Analysis_149_1.pdf>]
<LowT_Data_Analysis_files/LowT_Data_Analysis_152_0.pdf, id=8228, 729.72626pt x 
392.46625pt>
File: LowT_Data_Analysis_files/LowT_Data_Analysis_152_0.pdf Graphic file (type 
pdf)
 <use LowT_Data_Analysis_files/LowT_Data_Analysis_152_0.pdf>
Package pdftex.def Info: LowT_Data_Analysis_files/LowT_Data_Analysis_152_0.pdf 
used on input line 2909.
(pdftex.def)             Requested size: 729.72449pt x 392.46527pt.

[63]
Underfull \hbox (badness 10000) in paragraph at lines 2911--2912

 []

[64 <./LowT_Data_Analysis_files/LowT_Data_Analysis_152_0.pdf>]
<LowT_Data_Analysis_files/LowT_Data_Analysis_158_0.pdf, id=8252, 312.16624pt x 
292.09125pt>
File: LowT_Data_Analysis_files/LowT_Data_Analysis_158_0.pdf Graphic file (type 
pdf)
 <use LowT_Data_Analysis_files/LowT_Data_Analysis_158_0.pdf>
Package pdftex.def Info: LowT_Data_Analysis_files/LowT_Data_Analysis_158_0.pdf 
used on input line 3011.
(pdftex.def)             Requested size: 312.16548pt x 292.09052pt.

[65]
Underfull \hbox (badness 10000) in paragraph at lines 3013--3014

 []


<LowT_Data_Analysis_files/LowT_Data_Analysis_158_1.pdf, id=8257, 376.40625pt x 
292.09125pt>
File: LowT_Data_Analysis_files/LowT_Data_Analysis_158_1.pdf Graphic file (type 
pdf)
 <use LowT_Data_Analysis_files/LowT_Data_Analysis_158_1.pdf>
Package pdftex.def Info: LowT_Data_Analysis_files/LowT_Data_Analysis_158_1.pdf 
used on input line 3016.
(pdftex.def)             Requested size: 376.40532pt x 292.09052pt.

Underfull \hbox (badness 10000) in paragraph at lines 3018--3019

 []

[66 <./LowT_Data_Analysis_files/LowT_Data_Analysis_158_0.pdf> <./LowT_Data_Anal
ysis_files/LowT_Data_Analysis_158_1.pdf

pdfTeX warning: /usr/texbin/pdflatex (file ./LowT_Data_Analysis_files/LowT_Data
_Analysis_158_1.pdf): PDF inclusion: multiple pdfs with page group included in 
a single page
>] [67]
<LowT_Data_Analysis_files/LowT_Data_Analysis_160_0.pdf, id=8530, 944.52875pt x 
607.26875pt>
File: LowT_Data_Analysis_files/LowT_Data_Analysis_160_0.pdf Graphic file (type 
pdf)
 <use LowT_Data_Analysis_files/LowT_Data_Analysis_160_0.pdf>
Package pdftex.def Info: LowT_Data_Analysis_files/LowT_Data_Analysis_160_0.pdf 
used on input line 3099.
(pdftex.def)             Requested size: 944.52644pt x 607.26727pt.

Underfull \hbox (badness 10000) in paragraph at lines 3101--3102

 []

[68 <./LowT_Data_Analysis_files/LowT_Data_Analysis_160_0.pdf>]
<LowT_Data_Analysis_files/LowT_Data_Analysis_161_0.pdf, id=8610, 345.29pt x 292
.09125pt>
File: LowT_Data_Analysis_files/LowT_Data_Analysis_161_0.pdf Graphic file (type 
pdf)
 <use LowT_Data_Analysis_files/LowT_Data_Analysis_161_0.pdf>
Package pdftex.def Info: LowT_Data_Analysis_files/LowT_Data_Analysis_161_0.pdf 
used on input line 3144.
(pdftex.def)             Requested size: 345.28914pt x 292.09052pt.

Underfull \hbox (badness 10000) in paragraph at lines 3146--3147

 []

[69 <./LowT_Data_Analysis_files/LowT_Data_Analysis_161_0.pdf>]
<LowT_Data_Analysis_files/LowT_Data_Analysis_161_1.pdf, id=8747, 326.21875pt x 
292.09125pt>
File: LowT_Data_Analysis_files/LowT_Data_Analysis_161_1.pdf Graphic file (type 
pdf)
 <use LowT_Data_Analysis_files/LowT_Data_Analysis_161_1.pdf>
Package pdftex.def Info: LowT_Data_Analysis_files/LowT_Data_Analysis_161_1.pdf 
used on input line 3149.
(pdftex.def)             Requested size: 326.21794pt x 292.09052pt.

Underfull \hbox (badness 10000) in paragraph at lines 3151--3152

 []

[70 <./LowT_Data_Analysis_files/LowT_Data_Analysis_161_1.pdf>]
<LowT_Data_Analysis_files/LowT_Data_Analysis_163_0.pdf, id=8884, 916.42375pt x 
504.88625pt>
File: LowT_Data_Analysis_files/LowT_Data_Analysis_163_0.pdf Graphic file (type 
pdf)
 <use LowT_Data_Analysis_files/LowT_Data_Analysis_163_0.pdf>
Package pdftex.def Info: LowT_Data_Analysis_files/LowT_Data_Analysis_163_0.pdf 
used on input line 3195.
(pdftex.def)             Requested size: 916.42152pt x 504.885pt.

Underfull \hbox (badness 10000) in paragraph at lines 3197--3198

 []


<LowT_Data_Analysis_files/LowT_Data_Analysis_164_0.pdf, id=8885, 497.86pt x 508
.90125pt>
File: LowT_Data_Analysis_files/LowT_Data_Analysis_164_0.pdf Graphic file (type 
pdf)
 <use LowT_Data_Analysis_files/LowT_Data_Analysis_164_0.pdf>
Package pdftex.def Info: LowT_Data_Analysis_files/LowT_Data_Analysis_164_0.pdf 
used on input line 3214.
(pdftex.def)             Requested size: 497.85878pt x 508.90001pt.
 [71 <./LowT_Data_Analysis_files/LowT_Data_Analysis_163_0.pdf>]
Underfull \hbox (badness 10000) in paragraph at lines 3216--3217

 []

[72 <./LowT_Data_Analysis_files/LowT_Data_Analysis_164_0.pdf>]
<LowT_Data_Analysis_files/LowT_Data_Analysis_166_0.pdf, id=9064, 395.4775pt x 2
87.0725pt>
File: LowT_Data_Analysis_files/LowT_Data_Analysis_166_0.pdf Graphic file (type 
pdf)
 <use LowT_Data_Analysis_files/LowT_Data_Analysis_166_0.pdf>
Package pdftex.def Info: LowT_Data_Analysis_files/LowT_Data_Analysis_166_0.pdf 
used on input line 3251.
(pdftex.def)             Requested size: 395.47653pt x 287.0718pt.

Underfull \hbox (badness 10000) in paragraph at lines 3253--3254

 []

[73 <./LowT_Data_Analysis_files/LowT_Data_Analysis_166_0.pdf>]
<LowT_Data_Analysis_files/LowT_Data_Analysis_173_0.pdf, id=9090, 346.29375pt x 
327.2225pt>
File: LowT_Data_Analysis_files/LowT_Data_Analysis_173_0.pdf Graphic file (type 
pdf)
 <use LowT_Data_Analysis_files/LowT_Data_Analysis_173_0.pdf>
Package pdftex.def Info: LowT_Data_Analysis_files/LowT_Data_Analysis_173_0.pdf 
used on input line 3333.
(pdftex.def)             Requested size: 346.2929pt x 327.2217pt.

[74]
Underfull \hbox (badness 10000) in paragraph at lines 3335--3336

 []


<LowT_Data_Analysis_files/LowT_Data_Analysis_176_0.pdf, id=9096, 395.4775pt x 2
87.0725pt>
File: LowT_Data_Analysis_files/LowT_Data_Analysis_176_0.pdf Graphic file (type 
pdf)
 <use LowT_Data_Analysis_files/LowT_Data_Analysis_176_0.pdf>
Package pdftex.def Info: LowT_Data_Analysis_files/LowT_Data_Analysis_176_0.pdf 
used on input line 3366.
(pdftex.def)             Requested size: 395.47653pt x 287.0718pt.
 [75 <./LowT_Data_Analysis_files/LowT_Data_Analysis_173_0.pdf>]
Underfull \hbox (badness 10000) in paragraph at lines 3368--3369

 []


<LowT_Data_Analysis_files/LowT_Data_Analysis_176_1.pdf, id=9110, 346.29375pt x 
364.36125pt>
File: LowT_Data_Analysis_files/LowT_Data_Analysis_176_1.pdf Graphic file (type 
pdf)
 <use LowT_Data_Analysis_files/LowT_Data_Analysis_176_1.pdf>
Package pdftex.def Info: LowT_Data_Analysis_files/LowT_Data_Analysis_176_1.pdf 
used on input line 3371.
(pdftex.def)             Requested size: 346.2929pt x 364.36035pt.

[76 <./LowT_Data_Analysis_files/LowT_Data_Analysis_176_0.pdf>]
Underfull \hbox (badness 10000) in paragraph at lines 3373--3374

 []

[77 <./LowT_Data_Analysis_files/LowT_Data_Analysis_176_1.pdf>] [78]
<LowT_Data_Analysis_files/LowT_Data_Analysis_182_0.pdf, id=9272, 312.16624pt x 
292.09125pt>
File: LowT_Data_Analysis_files/LowT_Data_Analysis_182_0.pdf Graphic file (type 
pdf)
 <use LowT_Data_Analysis_files/LowT_Data_Analysis_182_0.pdf>
Package pdftex.def Info: LowT_Data_Analysis_files/LowT_Data_Analysis_182_0.pdf 
used on input line 3485.
(pdftex.def)             Requested size: 312.16548pt x 292.09052pt.

Underfull \hbox (badness 10000) in paragraph at lines 3487--3488

 []


<LowT_Data_Analysis_files/LowT_Data_Analysis_182_1.pdf, id=9273, 376.40625pt x 
292.09125pt>
File: LowT_Data_Analysis_files/LowT_Data_Analysis_182_1.pdf Graphic file (type 
pdf)
 <use LowT_Data_Analysis_files/LowT_Data_Analysis_182_1.pdf>
Package pdftex.def Info: LowT_Data_Analysis_files/LowT_Data_Analysis_182_1.pdf 
used on input line 3490.
(pdftex.def)             Requested size: 376.40532pt x 292.09052pt.

[79 <./LowT_Data_Analysis_files/LowT_Data_Analysis_182_0.pdf>]
Underfull \hbox (badness 10000) in paragraph at lines 3492--3493

 []

[80 <./LowT_Data_Analysis_files/LowT_Data_Analysis_182_1.pdf>]
<LowT_Data_Analysis_files/LowT_Data_Analysis_187_0.pdf, id=9547, 430.60875pt x 
436.63126pt>
File: LowT_Data_Analysis_files/LowT_Data_Analysis_187_0.pdf Graphic file (type 
pdf)
 <use LowT_Data_Analysis_files/LowT_Data_Analysis_187_0.pdf>
Package pdftex.def Info: LowT_Data_Analysis_files/LowT_Data_Analysis_187_0.pdf 
used on input line 3584.
(pdftex.def)             Requested size: 430.60768pt x 436.63019pt.

[81]
Underfull \hbox (badness 10000) in paragraph at lines 3586--3587

 []


<LowT_Data_Analysis_files/LowT_Data_Analysis_187_1.pdf, id=9552, 414.54875pt x 
383.4325pt>
File: LowT_Data_Analysis_files/LowT_Data_Analysis_187_1.pdf Graphic file (type 
pdf)
 <use LowT_Data_Analysis_files/LowT_Data_Analysis_187_1.pdf>
Package pdftex.def Info: LowT_Data_Analysis_files/LowT_Data_Analysis_187_1.pdf 
used on input line 3589.
(pdftex.def)             Requested size: 414.54773pt x 383.43156pt.

[82 <./LowT_Data_Analysis_files/LowT_Data_Analysis_187_0.pdf>]
Underfull \hbox (badness 10000) in paragraph at lines 3591--3592

 []

[83 <./LowT_Data_Analysis_files/LowT_Data_Analysis_187_1.pdf>] [84]
<LowT_Data_Analysis_files/LowT_Data_Analysis_192_0.pdf, id=9736, 400.49625pt x 
292.09125pt>
File: LowT_Data_Analysis_files/LowT_Data_Analysis_192_0.pdf Graphic file (type 
pdf)
 <use LowT_Data_Analysis_files/LowT_Data_Analysis_192_0.pdf>
Package pdftex.def Info: LowT_Data_Analysis_files/LowT_Data_Analysis_192_0.pdf 
used on input line 3708.
(pdftex.def)             Requested size: 400.49527pt x 292.09052pt.

Underfull \hbox (badness 10000) in paragraph at lines 3710--3711

 []


<LowT_Data_Analysis_files/LowT_Data_Analysis_192_1.pdf, id=9737, 344.28625pt x 
292.09125pt>
File: LowT_Data_Analysis_files/LowT_Data_Analysis_192_1.pdf Graphic file (type 
pdf)
 <use LowT_Data_Analysis_files/LowT_Data_Analysis_192_1.pdf>
Package pdftex.def Info: LowT_Data_Analysis_files/LowT_Data_Analysis_192_1.pdf 
used on input line 3713.
(pdftex.def)             Requested size: 344.2854pt x 292.09052pt.

[85 <./LowT_Data_Analysis_files/LowT_Data_Analysis_192_0.pdf>]
Underfull \hbox (badness 10000) in paragraph at lines 3715--3716

 []

[86 <./LowT_Data_Analysis_files/LowT_Data_Analysis_192_1.pdf>] [87]
<LowT_Data_Analysis_files/LowT_Data_Analysis_195_0.pdf, id=10019, 965.6075pt x 
728.7225pt>
File: LowT_Data_Analysis_files/LowT_Data_Analysis_195_0.pdf Graphic file (type 
pdf)
 <use LowT_Data_Analysis_files/LowT_Data_Analysis_195_0.pdf>
Package pdftex.def Info: LowT_Data_Analysis_files/LowT_Data_Analysis_195_0.pdf 
used on input line 3831.
(pdftex.def)             Requested size: 965.60515pt x 728.72072pt.

Underfull \hbox (badness 10000) in paragraph at lines 3833--3834

 []

[88 <./LowT_Data_Analysis_files/LowT_Data_Analysis_195_0.pdf>] [89]
<LowT_Data_Analysis_files/LowT_Data_Analysis_199_0.pdf, id=10115, 477.785pt x 6
13.29124pt>
File: LowT_Data_Analysis_files/LowT_Data_Analysis_199_0.pdf Graphic file (type 
pdf)
 <use LowT_Data_Analysis_files/LowT_Data_Analysis_199_0.pdf>
Package pdftex.def Info: LowT_Data_Analysis_files/LowT_Data_Analysis_199_0.pdf 
used on input line 3939.
(pdftex.def)             Requested size: 477.78383pt x 613.28973pt.

[90]
Underfull \hbox (badness 10000) in paragraph at lines 3941--3942

 []

[91 <./LowT_Data_Analysis_files/LowT_Data_Analysis_199_0.pdf>]
<LowT_Data_Analysis_files/LowT_Data_Analysis_204_0.pdf, id=10215, 545.03625pt x
 436.63126pt>
File: LowT_Data_Analysis_files/LowT_Data_Analysis_204_0.pdf Graphic file (type 
pdf)
 <use LowT_Data_Analysis_files/LowT_Data_Analysis_204_0.pdf>
Package pdftex.def Info: LowT_Data_Analysis_files/LowT_Data_Analysis_204_0.pdf 
used on input line 3989.
(pdftex.def)             Requested size: 545.03493pt x 436.63019pt.

Underfull \hbox (badness 10000) in paragraph at lines 3991--3992

 []

Package atveryend Info: Empty hook `BeforeClearDocument' on input line 3998.
[92 <./LowT_Data_Analysis_files/LowT_Data_Analysis_204_0.pdf>] [93]
Package atveryend Info: Empty hook `AfterLastShipout' on input line 3998.

(./LowT_Data_Analysis.aux)
Package atveryend Info: Executing hook `AtVeryEndDocument' on input line 3998.
Package atveryend Info: Executing hook `AtEndAfterFileList' on input line 3998.

Package rerunfilecheck Info: File `LowT_Data_Analysis.out' has not changed.
(rerunfilecheck)             Checksum: C2C61AC60A3606F4BE40481E8DE37792;3234.


LaTeX Font Warning: Some font shapes were not available, defaults substituted.

Package atveryend Info: Empty hook `AtVeryVeryEnd' on input line 3998.
 ) 
Here is how much of TeX's memory you used:
 9083 strings out of 493315
 142177 string characters out of 6137904
 236947 words of memory out of 5000000
 12231 multiletter control sequences out of 15000+600000
 12197 words of font info for 48 fonts, out of 8000000 for 9000
 957 hyphenation exceptions out of 8191
 36i,6n,35p,696b,480s stack positions out of 5000i,500n,10000p,200000b,80000s
</usr/local/texlive/2013/texmf-dist/fonts/type1/public/amsfonts/cm/cmbx10.pfb
></usr/local/texlive/2013/texmf-dist/fonts/type1/public/amsfonts/cm/cmbx12.pfb>
</usr/local/texlive/2013/texmf-dist/fonts/type1/public/amsfonts/cm/cmitt10.pfb>
</usr/local/texlive/2013/texmf-dist/fonts/type1/public/amsfonts/cm/cmmi10.pfb><
/usr/local/texlive/2013/texmf-dist/fonts/type1/public/amsfonts/cm/cmmi7.pfb></u
sr/local/texlive/2013/texmf-dist/fonts/type1/public/amsfonts/cm/cmmib10.pfb></u
sr/local/texlive/2013/texmf-dist/fonts/type1/public/amsfonts/cm/cmr10.pfb></usr
/local/texlive/2013/texmf-dist/fonts/type1/public/amsfonts/cm/cmr12.pfb></usr/l
ocal/texlive/2013/texmf-dist/fonts/type1/public/amsfonts/cm/cmr17.pfb></usr/loc
al/texlive/2013/texmf-dist/fonts/type1/public/amsfonts/cm/cmr7.pfb></usr/local/
texlive/2013/texmf-dist/fonts/type1/public/amsfonts/cm/cmsy10.pfb></usr/local/t
exlive/2013/texmf-dist/fonts/type1/public/amsfonts/cm/cmtt10.pfb>
Output written on LowT_Data_Analysis.pdf (93 pages, 5250632 bytes).
PDF statistics:
 10435 PDF objects out of 10688 (max. 8388607)
 7031 compressed objects within 71 object streams
 146 named destinations out of 1000 (max. 500000)
 611 words of extra memory for PDF output out of 10000 (max. 10000000)

