\BOOKMARK [1][-]{section.1}{Introduction}{}% 1
\BOOKMARK [1][-]{section.2}{Import needed libraries into notebook environment}{}% 2
\BOOKMARK [2][-]{subsection.2.1}{Background substraction function}{section.2}% 3
\BOOKMARK [1][-]{section.3}{Polycrystalline hematite experiments}{}% 4
\BOOKMARK [2][-]{subsection.3.1}{IRM-LTI experiment}{section.3}% 5
\BOOKMARK [3][-]{subsubsection.3.1.1}{Background subtraction}{subsection.3.1}% 6
\BOOKMARK [3][-]{subsubsection.3.1.2}{Directional data}{subsection.3.1}% 7
\BOOKMARK [2][-]{subsection.3.2}{MPMS experiment}{section.3}% 8
\BOOKMARK [2][-]{subsection.3.3}{Comparision between IRM-LTI and MPMS data}{section.3}% 9
\BOOKMARK [1][-]{section.4}{Single crystal magnetite experiments}{}% 10
\BOOKMARK [2][-]{subsection.4.1}{IRM-LTI experiments}{section.4}% 11
\BOOKMARK [1][-]{section.5}{Polycrystalline magnetite and hematite experiments}{}% 12
\BOOKMARK [1][-]{section.6}{Pyrrhotite experiments}{}% 13
\BOOKMARK [2][-]{subsection.6.1}{Directions of the pyrrhotite experiments}{section.6}% 14
\BOOKMARK [1][-]{section.7}{Umkondo Large Igneous Province sill experiments}{}% 15
\BOOKMARK [2][-]{subsection.7.1}{Cold Finger Blank run on July 14, 2013}{section.7}% 16
\BOOKMARK [2][-]{subsection.7.2}{Cold Finger Blank run on July 24, 2013}{section.7}% 17
\BOOKMARK [2][-]{subsection.7.3}{Experiments on PW10-7d}{section.7}% 18
\BOOKMARK [3][-]{subsubsection.7.3.1}{NRM demagnetization}{subsection.7.3}% 19
\BOOKMARK [3][-]{subsubsection.7.3.2}{MPMS experiments on PW10-7d}{subsection.7.3}% 20
\BOOKMARK [3][-]{subsubsection.7.3.3}{IRM-LTI experiments on PW10-7d}{subsection.7.3}% 21
\BOOKMARK [2][-]{subsection.7.4}{PW15-4}{section.7}% 22
\BOOKMARK [3][-]{subsubsection.7.4.1}{NRM demagnetization}{subsection.7.4}% 23
\BOOKMARK [3][-]{subsubsection.7.4.2}{PW15-4d: Measurement series \0431}{subsection.7.4}% 24
\BOOKMARK [3][-]{subsubsection.7.4.3}{PW15-4d: Measurement series \0432}{subsection.7.4}% 25
\BOOKMARK [3][-]{subsubsection.7.4.4}{Experiment on 07/18/2013 on specimen PW15-4d:}{subsection.7.4}% 26
\BOOKMARK [3][-]{subsubsection.7.4.5}{PW15-4d: Measurement series \0434}{subsection.7.4}% 27
